<?xml version="1.0" encoding="UTF-8"?>
<!-- Generated by org.testng.reporters.JUnitReportReporter -->
<testsuite hostname="DESKTOP-D1LGIP8" failures="0" tests="1" name="com.inetbanking.testCases.TC_AddCustomerPage_003" time="10.166" errors="0" timestamp="2022-02-01T22:51:33 IST" skipped="0">
  <testcase classname="com.inetbanking.testCases.TC_AddCustomerPage_003" name="addNewCustomer" time="10.166"/>
  <system-out/>
</testsuite> <!-- com.inetbanking.testCases.TC_AddCustomerPage_003 -->
